<sbml>
    <model>
        <listOfReactions>
            <reaction fast="false" lowerFluxBound="cobra_0_bound" upperFluxBound="R_54DGAT5c_upper_bound" id="R_54DGAT5c" metaid="R_54DGAT5c" name="DGAT 54TAG5csynthesis" reversible="false" sboTerm="SBO:0000375">
                <listOfReactants>
                    <speciesReference constant="true" sboTerm="SBO:0000010" species="M_36dag3_r" stoichiometry="1"/>
                    <speciesReference constant="true" sboTerm="SBO:0000010" species="M_18c2acylCoA_r" stoichiometry="1"/>
                </listOfReactants>
                <listOfProducts>
                    <speciesReference constant="true" sboTerm="SBO:0000011" species="M_54tag5_r" stoichiometry="1"/>
                    <speciesReference constant="true" sboTerm="SBO:0000011" species="M_h2o_r" stoichiometry="1"/>
                    <speciesReference constant="true" sboTerm="SBO:0000011" species="M_coa_r" stoichiometry="1"/>
                </listOfProducts>
            </reaction>
        </listOfReactions>
        <listOfSpecies>
            <species boundaryCondition="false" compartment="r" constant="false" chemicalFormula="C39H70O5" hasOnlySubstanceUnits="false" id="M_36dag3_r" metaid="M_36dag3_r" name="DAG36-3" sboTerm="SBO:0000247"/>
            <species boundaryCondition="false" compartment="r" constant="false" chemicalFormula="C39H62N7O17P3S" hasOnlySubstanceUnits="false" id="M_18c2acylCoA_r" metaid="M_18c2acylCoA_r" name="C18-2acylCoA" sboTerm="SBO:0000247"/>
            <species boundaryCondition="false" compartment="r" constant="false" chemicalFormula="C57H100O6" hasOnlySubstanceUnits="false" id="M_54tag5_r" metaid="M_54tag5_r" name="TAG54-5" sboTerm="SBO:0000247"/>
            <species boundaryCondition="false" compartment="r" constant="false" chemicalFormula="H2O" hasOnlySubstanceUnits="false" id="M_h2o_r" metaid="M_h2o_r" name="H2O" sboTerm="SBO:0000247"/>
            <species boundaryCondition="false" compartment="r" constant="false" chemicalFormula="C21H32N7O16P3S" hasOnlySubstanceUnits="false" id="M_coa_r" metaid="M_coa_r" name="Coenzyme A" sboTerm="SBO:0000247"/>
        </listOfSpecies>
</model>
</sbml>
